2026-07-04 02:52:34,923 Using device: cpu
2026-07-04 02:52:35,363 Audio:          torch.Size([32, 1691, 80])
2026-07-04 02:52:35,363 Labels:         torch.Size([32, 283])
2026-07-04 02:52:35,367 Input lengths:  tensor([1646, 1665,  361, 1599,  668, 1368, 1454, 1580, 1226, 1347, 1507, 1054,
        1318, 1503,  822, 1477, 1530, 1691, 1362, 1361, 1340,  545, 1531, 1588,
        1502, 1613, 1570,  927, 1444, 1387, 1478,  678])
2026-07-04 02:52:35,367 Target lengths: tensor([274, 283,  42, 198,  77, 234, 201, 278, 260, 165, 239, 120, 227, 165,
        123, 234, 217, 224, 219, 194, 223,  65, 250, 230, 256, 202, 235, 115,
        205, 217, 227,  90])
2026-07-04 02:56:09,970 Using device: cpu
2026-07-04 02:56:10,379 Audio:          torch.Size([32, 1634, 80])
2026-07-04 02:56:10,379 Labels:         torch.Size([32, 315])
2026-07-04 02:56:10,382 Input lengths:  tensor([ 446, 1313, 1108, 1567, 1599, 1456, 1198, 1575, 1363, 1473, 1484, 1389,
        1396, 1578,  753, 1515, 1371, 1355, 1179, 1475, 1493, 1629, 1379, 1341,
        1429,  851,  777, 1634, 1363, 1231,  693, 1530])
2026-07-04 02:56:10,382 Target lengths: tensor([ 55, 182,  73, 222, 277, 196, 178, 315, 229, 231, 223, 255, 244, 219,
        121, 186, 261, 219, 159, 201, 209, 259, 203, 200, 196,  56, 107, 215,
        202, 181,  61, 209])
2026-07-04 03:02:10,252 Using device: cpu
2026-07-04 03:02:10,643 Audio:          torch.Size([32, 1645, 80])
2026-07-04 03:02:10,643 Labels:         torch.Size([32, 285])
2026-07-04 03:02:10,645 Input lengths:  tensor([ 934, 1510, 1555, 1559, 1120, 1479,  892, 1466, 1592, 1645, 1171,  500,
        1307, 1600, 1446, 1292, 1337, 1501,  867,  394, 1347,  411, 1361, 1545,
        1351,  792, 1518,  659, 1538, 1500, 1537, 1320])
2026-07-04 03:02:10,646 Target lengths: tensor([ 99, 236, 239, 173, 187, 126, 114, 226, 249, 241, 155,  80, 206, 259,
        177, 185, 205, 195, 150,  44, 169,  56, 196, 203, 222, 122, 231,  66,
        270, 201, 285, 146])
2026-07-04 20:24:25,577 Using device: cuda
2026-07-04 20:24:42,791 Audio:          torch.Size([32, 1594, 80])
2026-07-04 20:24:42,791 Labels:         torch.Size([32, 284])
2026-07-04 20:24:42,795 Input lengths:  tensor([1526, 1316, 1406, 1406, 1556, 1422, 1110, 1309,  579, 1543, 1091,  535,
        1444, 1594, 1413, 1587, 1490,  916, 1508, 1066, 1587, 1454,  528,  517,
        1103,  844,  427, 1410,  598, 1538, 1219, 1505])
2026-07-04 20:24:42,796 Target lengths: tensor([237, 118, 204, 195, 203, 219, 112, 219,  80, 284, 193,  77, 174, 180,
        192, 246, 151, 113, 246, 148, 234, 186,  53, 107, 108,  83,  76, 264,
         87, 194, 217, 219])
2026-07-04 20:38:58,577 Using device: cuda
2026-07-04 20:39:02,693 Audio:          torch.Size([32, 1614, 80])
2026-07-04 20:39:02,693 Labels:         torch.Size([32, 292])
2026-07-04 20:39:02,695 Input lengths:  tensor([1600, 1518, 1013, 1402, 1536, 1262, 1506, 1493,  612,  432, 1578, 1489,
        1176, 1357, 1170, 1494, 1501, 1480,  356,  770, 1158, 1462, 1161, 1614,
         459, 1273, 1528, 1377,  503, 1503, 1572, 1514])
2026-07-04 20:39:02,695 Target lengths: tensor([232, 269, 107, 234, 238, 128, 222, 243, 132,  61, 189, 207, 161, 160,
        172, 250, 178, 228,  44, 127, 157, 214, 117, 292,  53, 170, 253, 195,
         65, 194, 187, 211])
2026-07-04 20:58:19,619 Using device: cuda
2026-07-04 20:58:23,528 Audio:          torch.Size([32, 1672, 80])
2026-07-04 20:58:23,529 Labels:         torch.Size([32, 291])
2026-07-04 20:58:23,531 Input lengths:  tensor([1567, 1310, 1672,  308,  533, 1526, 1360, 1473, 1469, 1569, 1366, 1562,
        1459,  797, 1053, 1665, 1475, 1432, 1371, 1498, 1569, 1037, 1244,  426,
        1444, 1516, 1458, 1655, 1496, 1603, 1519, 1601])
2026-07-04 20:58:23,532 Target lengths: tensor([220, 193, 263,  46,  72, 235, 183, 208, 228, 241, 236, 291, 203, 124,
        159, 270, 216, 232, 169, 188, 180, 136, 187,  79, 176, 162, 225, 244,
        227, 126, 160, 214])
2026-07-04 21:35:09,423 *****************************************
2026-07-04 21:35:09,424 Epoch:     1/300
2026-07-04 21:35:09,424 Loss:      0.4547
2026-07-04 21:35:09,424 WER:       0.9996
2026-07-04 21:35:09,424 CER:       0.9276
2026-07-04 21:35:09,424 Best WER:  inf
2026-07-04 21:35:09,424 _________________________________________
2026-07-04 21:48:32,880 *****************************************
2026-07-04 21:48:32,880 Epoch:     2/300
2026-07-04 21:48:32,880 Loss:      0.4472
2026-07-04 21:48:32,881 WER:       1.0083
2026-07-04 21:48:32,881 CER:       0.8626
2026-07-04 21:48:32,881 Best WER:  inf
2026-07-04 21:48:32,881 _________________________________________
2026-07-04 22:01:58,937 *****************************************
2026-07-04 22:01:58,938 Epoch:     3/300
2026-07-04 22:01:58,938 Loss:      0.4388
2026-07-04 22:01:58,938 WER:       1.0207
2026-07-04 22:01:58,938 CER:       0.8422
2026-07-04 22:01:58,938 Best WER:  inf
2026-07-04 22:01:58,938 _________________________________________
2026-07-04 22:15:25,395 *****************************************
2026-07-04 22:15:25,398 Epoch:     4/300
2026-07-04 22:15:25,398 Loss:      0.4293
2026-07-04 22:15:25,398 WER:       1.0198
2026-07-04 22:15:25,399 CER:       0.8244
2026-07-04 22:15:25,399 Best WER:  inf
2026-07-04 22:15:25,399 _________________________________________
2026-07-04 22:43:00,307   Beam WER (val): 1.0000
2026-07-04 22:43:00,404   -> Model saved
2026-07-04 22:43:00,407 *****************************************
2026-07-04 22:43:00,407 Epoch:     5/300
2026-07-04 22:43:00,407 Loss:      0.4217
2026-07-04 22:43:00,407 WER:       1.0180
2026-07-04 22:43:00,407 CER:       0.8157
2026-07-04 22:43:00,407 Best WER:  1.0000
2026-07-04 22:43:00,407 _________________________________________
2026-07-04 22:56:31,195 *****************************************
2026-07-04 22:56:31,196 Epoch:     6/300
2026-07-04 22:56:31,196 Loss:      0.4146
2026-07-04 22:56:31,196 WER:       1.0119
2026-07-04 22:56:31,196 CER:       0.8069
2026-07-04 22:56:31,196 Best WER:  1.0000
2026-07-04 22:56:31,197 _________________________________________
2026-07-04 23:10:00,370 *****************************************
2026-07-04 23:10:00,371 Epoch:     7/300
2026-07-04 23:10:00,371 Loss:      0.4077
2026-07-04 23:10:00,371 WER:       0.9996
2026-07-04 23:10:00,371 CER:       0.7996
2026-07-04 23:10:00,371 Best WER:  1.0000
2026-07-04 23:10:00,371 _________________________________________
2026-07-04 23:23:30,577 *****************************************
2026-07-04 23:23:30,578 Epoch:     8/300
2026-07-04 23:23:30,578 Loss:      0.4015
2026-07-04 23:23:30,578 WER:       0.9940
2026-07-04 23:23:30,578 CER:       0.7980
2026-07-04 23:23:30,578 Best WER:  1.0000
2026-07-04 23:23:30,578 _________________________________________
2026-07-04 23:37:01,908 *****************************************
2026-07-04 23:37:01,909 Epoch:     9/300
2026-07-04 23:37:01,909 Loss:      0.3956
2026-07-04 23:37:01,909 WER:       0.9934
2026-07-04 23:37:01,910 CER:       0.7905
2026-07-04 23:37:01,910 Best WER:  1.0000
2026-07-04 23:37:01,910 _________________________________________
2026-07-05 00:05:09,164   Beam WER (val): 1.0000
2026-07-05 00:05:09,166 *****************************************
2026-07-05 00:05:09,166 Epoch:     10/300
2026-07-05 00:05:09,166 Loss:      0.3907
2026-07-05 00:05:09,166 WER:       0.9980
2026-07-05 00:05:09,166 CER:       0.7853
2026-07-05 00:05:09,166 Best WER:  1.0000
2026-07-05 00:05:09,166 _________________________________________
2026-07-05 00:18:36,969 *****************************************
2026-07-05 00:18:36,970 Epoch:     11/300
2026-07-05 00:18:36,970 Loss:      0.3839
2026-07-05 00:18:36,970 WER:       0.9919
2026-07-05 00:18:36,970 CER:       0.7841
2026-07-05 00:18:36,970 Best WER:  1.0000
2026-07-05 00:18:36,971 _________________________________________
2026-07-05 00:32:06,386 *****************************************
2026-07-05 00:32:06,388 Epoch:     12/300
2026-07-05 00:32:06,388 Loss:      0.3792
2026-07-05 00:32:06,388 WER:       0.9937
2026-07-05 00:32:06,388 CER:       0.7704
2026-07-05 00:32:06,388 Best WER:  1.0000
2026-07-05 00:32:06,388 _________________________________________
2026-07-05 00:45:35,310 *****************************************
2026-07-05 00:45:35,311 Epoch:     13/300
2026-07-05 00:45:35,311 Loss:      0.3752
2026-07-05 00:45:35,311 WER:       0.9922
2026-07-05 00:45:35,311 CER:       0.7663
2026-07-05 00:45:35,311 Best WER:  1.0000
2026-07-05 00:45:35,312 _________________________________________
2026-07-05 00:59:08,059 *****************************************
2026-07-05 00:59:08,060 Epoch:     14/300
2026-07-05 00:59:08,060 Loss:      0.3700
2026-07-05 00:59:08,060 WER:       0.9931
2026-07-05 00:59:08,061 CER:       0.7569
2026-07-05 00:59:08,061 Best WER:  1.0000
2026-07-05 00:59:08,061 _________________________________________
2026-07-05 01:27:30,015   Beam WER (val): 1.0000
2026-07-05 01:27:30,018 *****************************************
2026-07-05 01:27:30,018 Epoch:     15/300
2026-07-05 01:27:30,018 Loss:      0.3658
2026-07-05 01:27:30,018 WER:       0.9929
2026-07-05 01:27:30,018 CER:       0.7525
2026-07-05 01:27:30,018 Best WER:  1.0000
2026-07-05 01:27:30,018 _________________________________________
2026-07-05 01:41:00,207 *****************************************
2026-07-05 01:41:00,208 Epoch:     16/300
2026-07-05 01:41:00,209 Loss:      0.3608
2026-07-05 01:41:00,209 WER:       0.9919
2026-07-05 01:41:00,209 CER:       0.7497
2026-07-05 01:41:00,209 Best WER:  1.0000
2026-07-05 01:41:00,209 _________________________________________
2026-07-05 01:54:29,536 *****************************************
2026-07-05 01:54:29,537 Epoch:     17/300
2026-07-05 01:54:29,537 Loss:      0.3571
2026-07-05 01:54:29,537 WER:       0.9916
2026-07-05 01:54:29,537 CER:       0.7418
2026-07-05 01:54:29,537 Best WER:  1.0000
2026-07-05 01:54:29,537 _________________________________________
2026-07-05 02:08:01,556 *****************************************
2026-07-05 02:08:01,558 Epoch:     18/300
2026-07-05 02:08:01,558 Loss:      0.3543
2026-07-05 02:08:01,558 WER:       0.9856
2026-07-05 02:08:01,558 CER:       0.7426
2026-07-05 02:08:01,558 Best WER:  1.0000
2026-07-05 02:08:01,558 _________________________________________
2026-07-05 02:21:30,059 *****************************************
2026-07-05 02:21:30,060 Epoch:     19/300
2026-07-05 02:21:30,061 Loss:      0.3503
2026-07-05 02:21:30,061 WER:       0.9846
2026-07-05 02:21:30,061 CER:       0.7319
2026-07-05 02:21:30,061 Best WER:  1.0000
2026-07-05 02:21:30,061 _________________________________________
2026-07-05 02:50:11,016   Beam WER (val): 1.0000
2026-07-05 02:50:11,018 *****************************************
2026-07-05 02:50:11,019 Epoch:     20/300
2026-07-05 02:50:11,019 Loss:      0.3454
2026-07-05 02:50:11,019 WER:       0.9867
2026-07-05 02:50:11,019 CER:       0.7297
2026-07-05 02:50:11,019 Best WER:  1.0000
2026-07-05 02:50:11,019 _________________________________________
2026-07-05 03:03:43,478 *****************************************
2026-07-05 03:03:43,479 Epoch:     21/300
2026-07-05 03:03:43,480 Loss:      0.3436
2026-07-05 03:03:43,480 WER:       0.9885
2026-07-05 03:03:43,480 CER:       0.7248
2026-07-05 03:03:43,480 Best WER:  1.0000
2026-07-05 03:03:43,480 _________________________________________
2026-07-05 03:17:18,286 *****************************************
2026-07-05 03:17:18,287 Epoch:     22/300
2026-07-05 03:17:18,287 Loss:      0.3396
2026-07-05 03:17:18,287 WER:       0.9836
2026-07-05 03:17:18,287 CER:       0.7176
2026-07-05 03:17:18,287 Best WER:  1.0000
2026-07-05 03:17:18,287 _________________________________________
2026-07-05 03:30:50,018 *****************************************
2026-07-05 03:30:50,020 Epoch:     23/300
2026-07-05 03:30:50,020 Loss:      0.3369
2026-07-05 03:30:50,020 WER:       0.9850
2026-07-05 03:30:50,020 CER:       0.7157
2026-07-05 03:30:50,020 Best WER:  1.0000
2026-07-05 03:30:50,020 _________________________________________
2026-07-05 03:44:24,229 *****************************************
2026-07-05 03:44:24,230 Epoch:     24/300
2026-07-05 03:44:24,230 Loss:      0.3339
2026-07-05 03:44:24,230 WER:       0.9845
2026-07-05 03:44:24,230 CER:       0.7154
2026-07-05 03:44:24,230 Best WER:  1.0000
2026-07-05 03:44:24,230 _________________________________________
2026-07-05 04:12:53,596   Beam WER (val): 1.0000
2026-07-05 04:12:53,599 *****************************************
2026-07-05 04:12:53,599 Epoch:     25/300
2026-07-05 04:12:53,599 Loss:      0.3318
2026-07-05 04:12:53,599 WER:       0.9901
2026-07-05 04:12:53,599 CER:       0.7102
2026-07-05 04:12:53,599 Best WER:  1.0000
2026-07-05 04:12:53,599 _________________________________________
2026-07-05 04:26:26,995 *****************************************
2026-07-05 04:26:26,996 Epoch:     26/300
2026-07-05 04:26:26,996 Loss:      0.3293
2026-07-05 04:26:26,996 WER:       0.9838
2026-07-05 04:26:26,996 CER:       0.7063
2026-07-05 04:26:26,996 Best WER:  1.0000
2026-07-05 04:26:26,996 _________________________________________
2026-07-05 04:39:59,989 *****************************************
2026-07-05 04:39:59,990 Epoch:     27/300
2026-07-05 04:39:59,991 Loss:      0.3256
2026-07-05 04:39:59,991 WER:       0.9833
2026-07-05 04:39:59,991 CER:       0.7021
2026-07-05 04:39:59,991 Best WER:  1.0000
2026-07-05 04:39:59,991 _________________________________________
2026-07-05 04:53:35,014 *****************************************
2026-07-05 04:53:35,015 Epoch:     28/300
2026-07-05 04:53:35,015 Loss:      0.3236
2026-07-05 04:53:35,015 WER:       0.9798
2026-07-05 04:53:35,015 CER:       0.7012
2026-07-05 04:53:35,015 Best WER:  1.0000
2026-07-05 04:53:35,015 _________________________________________
2026-07-05 05:07:07,059 *****************************************
2026-07-05 05:07:07,060 Epoch:     29/300
2026-07-05 05:07:07,060 Loss:      0.3218
2026-07-05 05:07:07,060 WER:       0.9902
2026-07-05 05:07:07,060 CER:       0.7015
2026-07-05 05:07:07,060 Best WER:  1.0000
2026-07-05 05:07:07,060 _________________________________________
2026-07-05 05:35:39,649   Beam WER (val): 1.0000
2026-07-05 05:35:39,651 *****************************************
2026-07-05 05:35:39,651 Epoch:     30/300
2026-07-05 05:35:39,651 Loss:      0.3201
2026-07-05 05:35:39,651 WER:       0.9847
2026-07-05 05:35:39,651 CER:       0.6961
2026-07-05 05:35:39,651 Best WER:  1.0000
2026-07-05 05:35:39,651 _________________________________________
2026-07-05 05:49:11,009 *****************************************
2026-07-05 05:49:11,011 Epoch:     31/300
2026-07-05 05:49:11,011 Loss:      0.3162
2026-07-05 05:49:11,011 WER:       0.9881
2026-07-05 05:49:11,011 CER:       0.6978
2026-07-05 05:49:11,011 Best WER:  1.0000
2026-07-05 05:49:11,011 _________________________________________
2026-07-05 06:02:46,034 *****************************************
2026-07-05 06:02:46,036 Epoch:     32/300
2026-07-05 06:02:46,036 Loss:      0.3153
2026-07-05 06:02:46,036 WER:       0.9881
2026-07-05 06:02:46,036 CER:       0.6948
2026-07-05 06:02:46,036 Best WER:  1.0000
2026-07-05 06:02:46,036 _________________________________________
2026-07-05 06:16:20,892 *****************************************
2026-07-05 06:16:20,893 Epoch:     33/300
2026-07-05 06:16:20,893 Loss:      0.3129
2026-07-05 06:16:20,893 WER:       0.9902
2026-07-05 06:16:20,893 CER:       0.6956
2026-07-05 06:16:20,893 Best WER:  1.0000
2026-07-05 06:16:20,893 _________________________________________
2026-07-05 06:29:59,777 *****************************************
2026-07-05 06:29:59,779 Epoch:     34/300
2026-07-05 06:29:59,779 Loss:      0.3105
2026-07-05 06:29:59,779 WER:       0.9880
2026-07-05 06:29:59,779 CER:       0.6928
2026-07-05 06:29:59,779 Best WER:  1.0000
2026-07-05 06:29:59,779 _________________________________________
2026-07-05 06:58:41,324   Beam WER (val): 1.0000
2026-07-05 06:58:41,326 *****************************************
2026-07-05 06:58:41,326 Epoch:     35/300
2026-07-05 06:58:41,326 Loss:      0.3097
2026-07-05 06:58:41,326 WER:       0.9825
2026-07-05 06:58:41,326 CER:       0.6924
2026-07-05 06:58:41,326 Best WER:  1.0000
2026-07-05 06:58:41,326 _________________________________________
2026-07-05 07:12:16,412 *****************************************
2026-07-05 07:12:16,413 Epoch:     36/300
2026-07-05 07:12:16,413 Loss:      0.3070
2026-07-05 07:12:16,413 WER:       0.9773
2026-07-05 07:12:16,413 CER:       0.6939
2026-07-05 07:12:16,413 Best WER:  1.0000
2026-07-05 07:12:16,413 _________________________________________
2026-07-05 07:25:51,385 *****************************************
2026-07-05 07:25:51,386 Epoch:     37/300
2026-07-05 07:25:51,386 Loss:      0.3052
2026-07-05 07:25:51,386 WER:       0.9790
2026-07-05 07:25:51,386 CER:       0.6945
2026-07-05 07:25:51,386 Best WER:  1.0000
2026-07-05 07:25:51,386 _________________________________________
2026-07-05 07:39:25,206 *****************************************
2026-07-05 07:39:25,207 Epoch:     38/300
2026-07-05 07:39:25,207 Loss:      0.3039
2026-07-05 07:39:25,207 WER:       0.9819
2026-07-05 07:39:25,207 CER:       0.6903
2026-07-05 07:39:25,207 Best WER:  1.0000
2026-07-05 07:39:25,207 _________________________________________
2026-07-05 07:53:01,425 *****************************************
2026-07-05 07:53:01,426 Epoch:     39/300
2026-07-05 07:53:01,426 Loss:      0.3012
2026-07-05 07:53:01,426 WER:       0.9775
2026-07-05 07:53:01,426 CER:       0.6845
2026-07-05 07:53:01,426 Best WER:  1.0000
2026-07-05 07:53:01,426 _________________________________________
2026-07-05 08:22:02,552   Beam WER (val): 1.0000
2026-07-05 08:22:02,554 *****************************************
2026-07-05 08:22:02,554 Epoch:     40/300
2026-07-05 08:22:02,554 Loss:      0.2996
2026-07-05 08:22:02,554 WER:       0.9768
2026-07-05 08:22:02,554 CER:       0.6838
2026-07-05 08:22:02,554 Best WER:  1.0000
2026-07-05 08:22:02,554 _________________________________________
2026-07-05 08:35:39,088 *****************************************
2026-07-05 08:35:39,089 Epoch:     41/300
2026-07-05 08:35:39,089 Loss:      0.2985
2026-07-05 08:35:39,089 WER:       0.9766
2026-07-05 08:35:39,089 CER:       0.6781
2026-07-05 08:35:39,089 Best WER:  1.0000
2026-07-05 08:35:39,089 _________________________________________
2026-07-05 08:49:14,738 *****************************************
2026-07-05 08:49:14,739 Epoch:     42/300
2026-07-05 08:49:14,739 Loss:      0.2967
2026-07-05 08:49:14,739 WER:       0.9695
2026-07-05 08:49:14,739 CER:       0.6827
2026-07-05 08:49:14,739 Best WER:  1.0000
2026-07-05 08:49:14,739 _________________________________________
2026-07-05 09:02:52,630 *****************************************
2026-07-05 09:02:52,631 Epoch:     43/300
2026-07-05 09:02:52,631 Loss:      0.2946
2026-07-05 09:02:52,631 WER:       0.9716
2026-07-05 09:02:52,631 CER:       0.6768
2026-07-05 09:02:52,631 Best WER:  1.0000
2026-07-05 09:02:52,631 _________________________________________
2026-07-05 09:16:27,421 *****************************************
2026-07-05 09:16:27,422 Epoch:     44/300
2026-07-05 09:16:27,422 Loss:      0.2936
2026-07-05 09:16:27,423 WER:       0.9716
2026-07-05 09:16:27,423 CER:       0.6745
2026-07-05 09:16:27,423 Best WER:  1.0000
2026-07-05 09:16:27,423 _________________________________________
2026-07-05 09:45:09,876   Beam WER (val): 1.0000
2026-07-05 09:45:09,879 *****************************************
2026-07-05 09:45:09,879 Epoch:     45/300
2026-07-05 09:45:09,879 Loss:      0.2926
2026-07-05 09:45:09,879 WER:       0.9803
2026-07-05 09:45:09,879 CER:       0.6765
2026-07-05 09:45:09,879 Best WER:  1.0000
2026-07-05 09:45:09,879 _________________________________________
2026-07-05 09:58:46,055 *****************************************
2026-07-05 09:58:46,057 Epoch:     46/300
2026-07-05 09:58:46,057 Loss:      0.2907
2026-07-05 09:58:46,057 WER:       0.9816
2026-07-05 09:58:46,057 CER:       0.6726
2026-07-05 09:58:46,057 Best WER:  1.0000
2026-07-05 09:58:46,057 _________________________________________
2026-07-05 10:12:22,800 *****************************************
2026-07-05 10:12:22,801 Epoch:     47/300
2026-07-05 10:12:22,801 Loss:      0.2882
2026-07-05 10:12:22,802 WER:       0.9775
2026-07-05 10:12:22,802 CER:       0.6745
2026-07-05 10:12:22,802 Best WER:  1.0000
2026-07-05 10:12:22,802 _________________________________________
2026-07-05 10:25:59,847 *****************************************
2026-07-05 10:25:59,849 Epoch:     48/300
2026-07-05 10:25:59,849 Loss:      0.2882
2026-07-05 10:25:59,849 WER:       0.9808
2026-07-05 10:25:59,849 CER:       0.6713
2026-07-05 10:25:59,849 Best WER:  1.0000
2026-07-05 10:25:59,849 _________________________________________
2026-07-05 10:39:31,035 *****************************************
2026-07-05 10:39:31,036 Epoch:     49/300
2026-07-05 10:39:31,036 Loss:      0.2866
2026-07-05 10:39:31,036 WER:       0.9773
2026-07-05 10:39:31,036 CER:       0.6716
2026-07-05 10:39:31,036 Best WER:  1.0000
2026-07-05 10:39:31,036 _________________________________________
2026-07-05 11:07:51,936   Beam WER (val): 1.0000
2026-07-05 11:07:51,939 *****************************************
2026-07-05 11:07:51,940 Epoch:     50/300
2026-07-05 11:07:51,940 Loss:      0.2854
2026-07-05 11:07:51,940 WER:       0.9663
2026-07-05 11:07:51,940 CER:       0.6670
2026-07-05 11:07:51,940 Best WER:  1.0000
2026-07-05 11:07:51,940 _________________________________________
2026-07-05 11:21:28,337 *****************************************
2026-07-05 11:21:28,339 Epoch:     51/300
2026-07-05 11:21:28,339 Loss:      0.2845
2026-07-05 11:21:28,339 WER:       0.9717
2026-07-05 11:21:28,339 CER:       0.6674
2026-07-05 11:21:28,339 Best WER:  1.0000
2026-07-05 11:21:28,339 _________________________________________
2026-07-05 11:35:04,093 *****************************************
2026-07-05 11:35:04,094 Epoch:     52/300
2026-07-05 11:35:04,094 Loss:      0.2828
2026-07-05 11:35:04,094 WER:       0.9767
2026-07-05 11:35:04,094 CER:       0.6629
2026-07-05 11:35:04,094 Best WER:  1.0000
2026-07-05 11:35:04,094 _________________________________________
2026-07-05 11:48:43,564 *****************************************
2026-07-05 11:48:43,565 Epoch:     53/300
2026-07-05 11:48:43,565 Loss:      0.2820
2026-07-05 11:48:43,565 WER:       0.9827
2026-07-05 11:48:43,565 CER:       0.6689
2026-07-05 11:48:43,565 Best WER:  1.0000
2026-07-05 11:48:43,565 _________________________________________
2026-07-05 12:02:19,761 *****************************************
2026-07-05 12:02:19,761 Epoch:     54/300
2026-07-05 12:02:19,762 Loss:      0.2798
2026-07-05 12:02:19,762 WER:       0.9670
2026-07-05 12:02:19,762 CER:       0.6595
2026-07-05 12:02:19,762 Best WER:  1.0000
2026-07-05 12:02:19,762 _________________________________________
2026-07-05 12:31:19,181   Beam WER (val): 1.0000
2026-07-05 12:31:19,184 *****************************************
2026-07-05 12:31:19,184 Epoch:     55/300
2026-07-05 12:31:19,184 Loss:      0.2786
2026-07-05 12:31:19,184 WER:       0.9722
2026-07-05 12:31:19,184 CER:       0.6610
2026-07-05 12:31:19,184 Best WER:  1.0000
2026-07-05 12:31:19,184 _________________________________________
2026-07-05 12:44:55,246 *****************************************
2026-07-05 12:44:55,248 Epoch:     56/300
2026-07-05 12:44:55,248 Loss:      0.2778
2026-07-05 12:44:55,248 WER:       0.9735
2026-07-05 12:44:55,248 CER:       0.6585
2026-07-05 12:44:55,248 Best WER:  1.0000
2026-07-05 12:44:55,248 _________________________________________
2026-07-05 12:58:37,629 *****************************************
2026-07-05 12:58:37,630 Epoch:     57/300
2026-07-05 12:58:37,630 Loss:      0.2776
2026-07-05 12:58:37,630 WER:       0.9882
2026-07-05 12:58:37,630 CER:       0.6630
2026-07-05 12:58:37,630 Best WER:  1.0000
2026-07-05 12:58:37,630 _________________________________________
2026-07-05 13:12:14,414 *****************************************
2026-07-05 13:12:14,416 Epoch:     58/300
2026-07-05 13:12:14,416 Loss:      0.2763
2026-07-05 13:12:14,416 WER:       0.9869
2026-07-05 13:12:14,416 CER:       0.6644
2026-07-05 13:12:14,416 Best WER:  1.0000
2026-07-05 13:12:14,416 _________________________________________
2026-07-05 13:25:53,939 *****************************************
2026-07-05 13:25:53,940 Epoch:     59/300
2026-07-05 13:25:53,940 Loss:      0.2751
2026-07-05 13:25:53,940 WER:       0.9826
2026-07-05 13:25:53,940 CER:       0.6630
2026-07-05 13:25:53,940 Best WER:  1.0000
2026-07-05 13:25:53,940 _________________________________________
2026-07-05 13:54:35,815   Beam WER (val): 1.0000
2026-07-05 13:54:35,817 *****************************************
2026-07-05 13:54:35,817 Epoch:     60/300
2026-07-05 13:54:35,818 Loss:      0.2739
2026-07-05 13:54:35,818 WER:       0.9820
2026-07-05 13:54:35,818 CER:       0.6603
2026-07-05 13:54:35,818 Best WER:  1.0000
2026-07-05 13:54:35,818 _________________________________________
2026-07-05 14:08:17,777 *****************************************
2026-07-05 14:08:17,778 Epoch:     61/300
2026-07-05 14:08:17,778 Loss:      0.2722
2026-07-05 14:08:17,778 WER:       0.9744
2026-07-05 14:08:17,778 CER:       0.6580
2026-07-05 14:08:17,778 Best WER:  1.0000
2026-07-05 14:08:17,778 _________________________________________
2026-07-05 14:21:57,748 *****************************************
2026-07-05 14:21:57,749 Epoch:     62/300
2026-07-05 14:21:57,749 Loss:      0.2713
2026-07-05 14:21:57,749 WER:       0.9703
2026-07-05 14:21:57,749 CER:       0.6576
2026-07-05 14:21:57,749 Best WER:  1.0000
2026-07-05 14:21:57,749 _________________________________________
2026-07-05 14:35:39,088 *****************************************
2026-07-05 14:35:39,089 Epoch:     63/300
2026-07-05 14:35:39,089 Loss:      0.2712
2026-07-05 14:35:39,089 WER:       0.9748
2026-07-05 14:35:39,089 CER:       0.6575
2026-07-05 14:35:39,089 Best WER:  1.0000
2026-07-05 14:35:39,090 _________________________________________
2026-07-05 14:49:26,631 *****************************************
2026-07-05 14:49:26,632 Epoch:     64/300
2026-07-05 14:49:26,632 Loss:      0.2697
2026-07-05 14:49:26,632 WER:       0.9982
2026-07-05 14:49:26,632 CER:       0.6631
2026-07-05 14:49:26,632 Best WER:  1.0000
2026-07-05 14:49:26,632 _________________________________________
2026-07-05 15:18:48,687   Beam WER (val): 1.0000
2026-07-05 15:18:48,691 *****************************************
2026-07-05 15:18:48,691 Epoch:     65/300
2026-07-05 15:18:48,691 Loss:      0.2696
2026-07-05 15:18:48,691 WER:       0.9790
2026-07-05 15:18:48,691 CER:       0.6585
2026-07-05 15:18:48,691 Best WER:  1.0000
2026-07-05 15:18:48,691 _________________________________________
2026-07-05 15:32:30,107 *****************************************
2026-07-05 15:32:30,108 Epoch:     66/300
2026-07-05 15:32:30,108 Loss:      0.2684
2026-07-05 15:32:30,108 WER:       0.9692
2026-07-05 15:32:30,108 CER:       0.6545
2026-07-05 15:32:30,108 Best WER:  1.0000
2026-07-05 15:32:30,108 _________________________________________
2026-07-05 15:46:13,929 *****************************************
2026-07-05 15:46:13,930 Epoch:     67/300
2026-07-05 15:46:13,930 Loss:      0.2683
2026-07-05 15:46:13,930 WER:       0.9729
2026-07-05 15:46:13,930 CER:       0.6570
2026-07-05 15:46:13,930 Best WER:  1.0000
2026-07-05 15:46:13,930 _________________________________________
2026-07-05 15:59:56,899 *****************************************
2026-07-05 15:59:56,900 Epoch:     68/300
2026-07-05 15:59:56,900 Loss:      0.2650
2026-07-05 15:59:56,900 WER:       0.9772
2026-07-05 15:59:56,900 CER:       0.6547
2026-07-05 15:59:56,900 Best WER:  1.0000
2026-07-05 15:59:56,900 _________________________________________
2026-07-05 16:13:41,906 *****************************************
2026-07-05 16:13:41,907 Epoch:     69/300
2026-07-05 16:13:41,907 Loss:      0.2656
2026-07-05 16:13:41,907 WER:       0.9755
2026-07-05 16:13:41,907 CER:       0.6547
2026-07-05 16:13:41,907 Best WER:  1.0000
2026-07-05 16:13:41,907 _________________________________________
2026-07-05 17:03:34,499 Using device: cuda
2026-07-05 17:03:35,410 Audio:          torch.Size([80, 1659, 80])
2026-07-05 17:03:35,410 Labels:         torch.Size([80, 278])
2026-07-05 17:03:35,421 Input lengths:  tensor([1243, 1347, 1470,  201, 1410, 1496, 1278, 1450, 1604, 1659, 1565, 1369,
         213, 1435, 1360, 1515,  346, 1219, 1478, 1255, 1556, 1566, 1579,  486,
        1495, 1170, 1352,  800,  667, 1470, 1230, 1211, 1395,  852,  566,  657,
         536, 1157, 1470, 1511, 1484, 1511, 1236, 1554, 1364,  475, 1415, 1656,
        1607,  825, 1194, 1412,  387,  435, 1610,  935, 1551, 1238,  631, 1381,
        1070, 1063, 1577, 1640, 1504,  631, 1578, 1342, 1563, 1437, 1102,  994,
        1337, 1496, 1452, 1309, 1504,  843, 1296, 1560])
2026-07-05 17:03:35,422 Target lengths: tensor([210, 178, 267,  41, 234, 231, 158, 231, 172, 171, 217, 209,  31, 189,
        208, 146,  29, 183, 216, 196, 259, 248, 249,  58, 132, 189, 196, 146,
         87, 231, 183, 180, 231,  67,  77,  70,  89, 173, 231, 259, 278, 220,
        249, 264, 140,  76, 180, 179, 276, 108, 179, 252,  60,  51, 209, 147,
        266, 222,  71, 150, 176, 139, 202, 254, 210,  71, 168, 215, 229, 235,
        189, 183, 174, 214, 189, 185, 225, 141, 224, 249])
2026-07-05 17:18:02,167 Sample pred: pr'xvmy'isvrnvbobuonfinznrvioivbzoavnvnuypnwskvzvmvn'nbnzozuzonvobziznfmlzvmrvsn
2026-07-05 17:18:02,168 Sample true: with his powerful hands he sent me buckling to the ground while his companion di
2026-07-05 17:18:14,986 *****************************************
2026-07-05 17:18:14,986 Epoch:     1/300
2026-07-05 17:18:14,986 Loss:      0.4584
2026-07-05 17:18:14,986 WER:       0.9979
2026-07-05 17:18:14,987 CER:       0.9714
2026-07-05 17:18:14,987 Best WER:  inf
2026-07-05 17:18:14,987 _________________________________________
2026-07-05 17:31:05,895 Sample pred: ae e e e e s s s s e e
2026-07-05 17:31:05,896 Sample true: what has ben said already touching that adventure and having heard it the duches
2026-07-05 17:31:20,508 *****************************************
2026-07-05 17:31:20,508 Epoch:     2/300
2026-07-05 17:31:20,508 Loss:      0.4544
2026-07-05 17:31:20,508 WER:       1.0012
2026-07-05 17:31:20,508 CER:       0.9431
2026-07-05 17:31:20,508 Best WER:  inf
2026-07-05 17:31:20,508 _________________________________________
2026-07-05 17:44:10,980 Sample pred: ah e e
2026-07-05 17:44:10,981 Sample true: the average life expectancy of a martian after the age of maturity is about thre
2026-07-05 17:44:25,781 *****************************************
2026-07-05 17:44:25,781 Epoch:     3/300
2026-07-05 17:44:25,781 Loss:      0.4521
2026-07-05 17:44:25,781 WER:       1.0021
2026-07-05 17:44:25,781 CER:       0.9371
2026-07-05 17:44:25,782 Best WER:  inf
2026-07-05 17:44:25,782 _________________________________________
2026-07-05 17:57:16,500 Sample pred: ah n s ns ns rs s n n rn rn s n n n n n n s r s en s n n n n ns rn e
2026-07-05 17:57:16,501 Sample true: of which she was a perfect mistres she said i do not wonder at your amazement ca
2026-07-05 17:57:34,031 *****************************************
2026-07-05 17:57:34,031 Epoch:     4/300
2026-07-05 17:57:34,031 Loss:      0.4509
2026-07-05 17:57:34,031 WER:       1.0061
2026-07-05 17:57:34,031 CER:       0.9265
2026-07-05 17:57:34,031 Best WER:  inf
2026-07-05 17:57:34,032 _________________________________________
2026-07-05 18:10:25,181 Sample pred: an e e
2026-07-05 18:10:25,182 Sample true: why the concierges of the chateau would turn their eyes away from a picture of h
2026-07-05 18:21:09,832 Using device: cuda
2026-07-05 18:21:11,199 Audio:          torch.Size([80, 1670, 80])
2026-07-05 18:21:11,200 Labels:         torch.Size([80, 296])
2026-07-05 18:21:11,204 Input lengths:  tensor([1648, 1089, 1391,  767,  512, 1445, 1670, 1422, 1636, 1557, 1133, 1258,
         570, 1485,  626, 1548, 1509, 1537, 1273, 1511, 1108, 1559, 1579, 1554,
        1378, 1380,  285,  389, 1415,  843, 1334, 1525, 1515, 1583, 1357, 1366,
        1562, 1511, 1366, 1662,  234,  901, 1427, 1513,  366,  949, 1530, 1433,
        1536, 1585, 1499, 1530, 1537, 1497, 1463, 1468, 1510, 1294, 1228,  512,
        1568, 1487, 1553, 1271, 1264, 1442, 1447, 1386, 1631, 1246, 1269,  791,
        1215, 1591, 1535,  893, 1497,  697, 1523, 1483])
2026-07-05 18:21:11,205 Target lengths: tensor([278, 183, 208, 144,  54, 138, 215, 233, 214, 234, 175, 187,  72, 211,
         91, 219, 239, 201, 236, 281, 156, 223, 200, 198, 218, 154,  33,  70,
        187,  88, 186, 247, 191, 241, 227, 259, 296, 184, 227, 247,  33, 129,
        152, 171,  44,  81, 204, 221, 172, 234, 252, 269, 207, 232, 182, 192,
        177, 163, 221,  45, 249, 234, 225, 165, 190, 218, 214, 223, 267, 170,
        203, 133, 161, 212, 214, 139, 235, 106, 167, 189])
2026-07-05 18:22:30,547 Using device: cuda
2026-07-05 18:22:31,448 Audio:          torch.Size([80, 1663, 80])
2026-07-05 18:22:31,449 Labels:         torch.Size([80, 313])
2026-07-05 18:22:31,453 Input lengths:  tensor([1285, 1480,  395,  216, 1583, 1612, 1593, 1314, 1067, 1194, 1260, 1466,
        1300, 1471, 1358, 1217, 1504, 1511, 1333,  916, 1471, 1214, 1112, 1364,
         414, 1519, 1539, 1547, 1131, 1552, 1630, 1555,  872, 1393, 1572, 1590,
        1212, 1507, 1371, 1513,  929, 1486, 1396, 1439, 1531, 1405, 1587, 1406,
         817, 1201,  966, 1573, 1663, 1563, 1542, 1542,  590, 1493, 1244, 1102,
        1407, 1502, 1579, 1546, 1482, 1524, 1353, 1271, 1393, 1471, 1488, 1396,
        1211, 1239, 1412,  919, 1356, 1430,  225, 1473])
2026-07-05 18:22:31,454 Target lengths: tensor([193, 275,  50,  31, 230, 208, 198, 175, 144, 167, 174, 246, 220, 169,
        179, 194, 242, 218, 183, 140, 253, 189, 159, 216,  69, 231, 246, 253,
        143, 237, 265, 268, 138, 210, 219, 261, 242, 182, 182, 278, 121, 261,
        150, 236, 283, 223, 237, 243, 134, 170, 110, 214, 313, 210, 202, 220,
         73, 243, 191, 177, 221, 245, 188, 227, 209, 219, 197, 189, 180, 233,
        204, 175, 196, 168, 210, 137, 137, 230,  39, 236])
2026-07-05 18:36:53,547 Sample pred: [unk]v[unk]acpaczvg[unk]vhc[unk]vw[unk]vtv[unk]v[unk]v[unk]v[unk]hgv[unk]avzgpgh
2026-07-05 18:36:53,548 Sample true: lowering their voices they began to talk of john hewet and the daughter he was b
2026-07-05 18:37:11,285 *****************************************
2026-07-05 18:37:11,285 Epoch:     1/300
2026-07-05 18:37:11,285 Loss:      0.4556
2026-07-05 18:37:11,285 WER:       1.0056
2026-07-05 18:37:11,285 CER:       0.9196
2026-07-05 18:37:11,285 Best WER:  inf
2026-07-05 18:37:11,285 _________________________________________
2026-07-05 18:50:05,522 Sample pred: th a s e e e ae re r e f e ef e e e efe
2026-07-05 18:50:05,524 Sample true: who had stayed up to spread out some linen to dry eponine made a final efort wel
2026-07-05 18:50:31,857 *****************************************
2026-07-05 18:50:31,857 Epoch:     2/300
2026-07-05 18:50:31,857 Loss:      0.4473
2026-07-05 18:50:31,857 WER:       1.0298
2026-07-05 18:50:31,857 CER:       0.8358
2026-07-05 18:50:31,857 Best WER:  inf
2026-07-05 18:50:31,858 _________________________________________
2026-07-05 19:01:00,553 Using device: cuda
2026-07-05 19:01:01,947 Audio:          torch.Size([80, 1614, 80])
2026-07-05 19:01:01,947 Labels:         torch.Size([80, 279])
2026-07-05 19:01:01,960 Input lengths:  tensor([1428,  303, 1231,  942, 1394, 1194, 1451, 1507, 1569, 1478, 1571, 1254,
        1510,  613, 1395, 1565, 1597, 1453, 1226, 1442, 1265,  710, 1479, 1527,
        1092, 1203, 1342,  640, 1436, 1568, 1216, 1283, 1246, 1529, 1431,  882,
        1427, 1605, 1498, 1302, 1500,  664, 1447,  206, 1514, 1476, 1219, 1333,
        1453, 1565, 1398, 1460, 1302, 1549, 1316, 1563, 1495, 1365, 1543, 1268,
        1343, 1229,  366, 1463, 1438,  822, 1108, 1307,  805, 1369,  557, 1614,
        1607, 1583,  228, 1515,  510, 1338, 1260, 1505])
2026-07-05 19:01:01,965 Target lengths: tensor([241,  49, 221, 155, 211, 217, 232, 267, 218, 251, 228, 228, 171,  91,
        195, 252, 255, 190, 194, 189, 210, 117, 237, 269, 151, 194, 213, 108,
        174, 226, 198, 229, 200, 273, 164, 149, 183, 226, 214, 202, 211, 128,
        203,  29, 182, 279, 201, 218, 205, 194, 255, 240, 203, 224, 195, 247,
        237, 199, 181, 149, 206, 219,  20, 232, 207, 130, 211, 180,  79, 185,
         13, 251, 239, 237,  34, 218,  88, 238, 201, 259])
2026-07-05 19:01:29,830 Using device: cuda
2026-07-05 19:01:31,022 Audio:          torch.Size([80, 1693, 80])
2026-07-05 19:01:31,022 Labels:         torch.Size([80, 286])
2026-07-05 19:01:31,026 Input lengths:  tensor([1476, 1313, 1510, 1381, 1467, 1605,  693,  999, 1280, 1101, 1526, 1140,
        1400, 1627, 1260, 1336, 1223, 1521, 1289, 1569,  466, 1557, 1354, 1582,
        1338,  861,  748,  294, 1000, 1371, 1501, 1369, 1520, 1470, 1428, 1558,
        1354,  781, 1286, 1351, 1683, 1583, 1502, 1301, 1498, 1630, 1495, 1646,
        1693, 1411, 1083, 1441,  862, 1552, 1437, 1586, 1557, 1453, 1401, 1445,
         508,  413, 1449, 1071, 1519,  248,  214, 1319, 1452, 1556, 1464, 1472,
        1617,  824,  298, 1545, 1114, 1172, 1433, 1583])
2026-07-05 19:01:31,027 Target lengths: tensor([263, 123, 244, 189, 198, 226,  61, 163, 205, 181, 204, 161, 236, 276,
        168, 165, 188, 246, 206, 229,  60, 194, 200, 283, 181, 128, 121,  53,
        156, 257, 171, 177, 235, 245, 184, 234, 170, 111, 170, 208, 280, 227,
        170, 154, 262, 246, 200, 237, 286, 199, 151, 232, 143, 201, 262, 223,
        244, 238, 234, 141,  92,  39, 263, 140, 212,  31,  38, 212, 197, 251,
        203, 198, 223, 134,  25, 236, 197, 170, 240, 196])
2026-07-05 19:03:27,192 Sample pred: ah s r s r r ls s n an es s e s
2026-07-05 19:03:27,193 Sample true: the chief stret of mowbray caled castle stret after the ruins of the old baronia
2026-07-05 19:03:54,263 *****************************************
2026-07-05 19:03:54,264 Epoch:     3/300
2026-07-05 19:03:54,264 Loss:      0.4420
2026-07-05 19:03:54,264 WER:       1.0303
2026-07-05 19:03:54,264 CER:       0.8184
2026-07-05 19:03:54,264 Best WER:  inf
2026-07-05 19:03:54,264 _________________________________________
2026-07-05 19:16:10,780 Using device: cuda
2026-07-05 19:16:11,772 Audio:          torch.Size([80, 1644, 80])
2026-07-05 19:16:11,772 Labels:         torch.Size([80, 280])
2026-07-05 19:16:11,804 Input lengths:  tensor([1404,  342,  439, 1227, 1339, 1399,  371, 1431, 1096, 1138, 1584, 1578,
        1136, 1566, 1363, 1430, 1215, 1535, 1523, 1593, 1535, 1271, 1056, 1396,
        1523, 1341,  543, 1419, 1607, 1415, 1565, 1644, 1545, 1359, 1384, 1515,
        1314, 1589, 1576, 1051, 1559,  829, 1355, 1268, 1251, 1548,  712, 1329,
        1373, 1421, 1433, 1638, 1576,  221, 1438,  690, 1271,  999, 1032,  380,
        1544, 1453, 1551, 1599, 1296, 1146, 1453,  945,  833,  559, 1551,  819,
         676, 1585,  310, 1495, 1500,  969, 1191,  421])
2026-07-05 19:16:11,805 Target lengths: tensor([179,  29,  65, 163, 163, 180,  44, 200, 154, 156, 211, 217, 173, 249,
        205, 217, 159, 229, 220, 242, 268, 175, 124, 194, 278, 132, 116, 189,
        269, 239, 216, 237, 235, 214, 210, 221, 194, 187, 246, 160, 237, 123,
        187, 155, 249, 247,  72, 232, 168, 187, 228, 280, 260,  38, 238,  98,
        167, 176, 145,  53, 238, 218, 228, 222, 230, 144, 215, 130, 126,  93,
        209, 102,  94, 210,  35, 233, 269, 167, 167,  60])
2026-07-05 19:17:38,112 Using device: cuda
2026-07-05 19:17:38,717 Audio:          torch.Size([32, 1689, 80])
2026-07-05 19:17:38,718 Labels:         torch.Size([32, 295])
2026-07-05 19:17:38,721 Input lengths:  tensor([1457, 1581, 1247, 1508, 1596, 1128,  174, 1689, 1414,  447, 1588,  243,
        1539, 1319,  306, 1540,  973, 1304, 1434, 1526, 1670, 1553, 1586, 1547,
        1612, 1587, 1581, 1367, 1362,  582, 1366,  537])
2026-07-05 19:17:38,722 Target lengths: tensor([232, 247, 193, 212, 225, 149,  14, 286, 214,  68, 172,  30, 227, 233,
         46, 159, 108, 154, 210, 237, 211, 229, 295, 252, 257, 230, 259, 169,
        235, 107, 214,  72])
2026-07-05 19:18:34,093 Using device: cuda
2026-07-05 19:18:34,642 Audio:          torch.Size([32, 1606, 80])
2026-07-05 19:18:34,643 Labels:         torch.Size([32, 275])
2026-07-05 19:18:34,645 Input lengths:  tensor([1380, 1544,  589, 1591, 1518,  485, 1482,  499, 1427, 1141, 1527, 1517,
        1017, 1581, 1235, 1124,  269, 1204, 1606, 1054, 1090, 1221,  500,  944,
        1572, 1560,  693,  862, 1006, 1291, 1067, 1475])
2026-07-05 19:18:34,646 Target lengths: tensor([183, 210,  83, 248, 224,  75, 242,  91, 174, 185, 225, 235, 175, 200,
        188, 189,  48, 176, 271, 134, 149, 164,  73, 118, 258, 181, 101, 143,
        141, 193, 174, 275])
2026-07-05 19:47:45,594 Sample pred: [unk]tdvdvdogvdvdvt[unk]vdvdrvt[unk]j[unk]vdtqvdtdvo[unk]v[unk]v xd[unk]dqd[unk]
2026-07-05 19:47:45,594 Sample true: into a tremendous rage that he might watch the smouldering lights in her eyes he
2026-07-05 19:48:29,190 *****************************************
2026-07-05 19:48:29,191 Epoch:     1/300
2026-07-05 19:48:29,191 Loss:      1.4818
2026-07-05 19:48:29,191 WER:       0.8877
2026-07-05 19:48:29,191 CER:       0.3820
2026-07-05 19:48:29,191 Best WER:  inf
2026-07-05 19:48:29,191 _________________________________________
2026-07-05 20:16:09,388 Sample pred: and put my hand in his ba t bythi til beu tye ap his ace he spoke to me kondly a
2026-07-05 20:16:09,389 Sample true: and put my hand in his awed by the stil beauty of his face he spoke to me kindly
2026-07-05 20:16:47,128 *****************************************
2026-07-05 20:16:47,129 Epoch:     2/300
2026-07-05 20:16:47,129 Loss:      0.8752
2026-07-05 20:16:47,129 WER:       0.6565
2026-07-05 20:16:47,129 CER:       0.2272
2026-07-05 20:16:47,129 Best WER:  inf
2026-07-05 20:16:47,129 _________________________________________
2026-07-05 20:44:27,769 Sample pred: er could be no question of the uporit esof his modeve s eregarding his wife a va
2026-07-05 20:44:27,770 Sample true: there could be no question of the uprightnes of his motives regarding his wife i
2026-07-05 20:45:01,564 *****************************************
2026-07-05 20:45:01,564 Epoch:     3/300
2026-07-05 20:45:01,564 Loss:      0.6916
2026-07-05 20:45:01,564 WER:       0.5558
2026-07-05 20:45:01,564 CER:       0.1812
2026-07-05 20:45:01,564 Best WER:  inf
2026-07-05 20:45:01,564 _________________________________________
2026-07-05 21:12:46,770 Sample pred: the same on which i was no loking in th distance every now n than he made me sit
2026-07-05 21:12:46,772 Sample true: the same on which i was now loking in the distance every now and then he made me
2026-07-05 21:13:19,041 *****************************************
2026-07-05 21:13:19,041 Epoch:     4/300
2026-07-05 21:13:19,041 Loss:      0.6035
2026-07-05 21:13:19,041 WER:       0.5026
2026-07-05 21:13:19,041 CER:       0.1589
2026-07-05 21:13:19,041 Best WER:  inf
2026-07-05 21:13:19,041 _________________________________________
2026-07-05 21:41:04,151 Sample pred: angaryian hi can sup bo lelaoge shicken n thre coarse of waortr seas n ith sult 
2026-07-05 21:41:04,152 Sample true: hungarian chicken soup boil a large chicken in thre quarts of water season with 
2026-07-05 22:14:33,884   Beam WER (val): 0.8677
2026-07-05 22:14:34,001   -> Model saved
2026-07-05 22:14:34,002 *****************************************
2026-07-05 22:14:34,002 Epoch:     5/300
2026-07-05 22:14:34,002 Loss:      0.5466
2026-07-05 22:14:34,002 WER:       0.4667
2026-07-05 22:14:34,002 CER:       0.1448
2026-07-05 22:14:34,002 Best WER:  0.8677
2026-07-05 22:14:34,002 _________________________________________
2026-07-05 22:42:22,614 Sample pred: thayt not one of them thaile to coethrough teor deal with suces t general public
2026-07-05 22:42:22,615 Sample true: that not one of them failed to come through the ordeal with suces the general pu
2026-07-05 22:42:54,348 *****************************************
2026-07-05 22:42:54,349 Epoch:     6/300
2026-07-05 22:42:54,349 Loss:      0.5056
2026-07-05 22:42:54,349 WER:       0.4393
2026-07-05 22:42:54,349 CER:       0.1343
2026-07-05 22:42:54,349 Best WER:  0.8677
2026-07-05 22:42:54,349 _________________________________________
2026-07-05 23:10:45,997 Sample pred: the sionene was finaly broken by the aged warieur so often named heraros fom the
2026-07-05 23:10:45,998 Sample true: the silence was finaly broken by the aged warior so often named he arose from th
2026-07-05 23:11:16,751 *****************************************
2026-07-05 23:11:16,752 Epoch:     7/300
2026-07-05 23:11:16,752 Loss:      0.4736
2026-07-05 23:11:16,752 WER:       0.4178
2026-07-05 23:11:16,752 CER:       0.1264
2026-07-05 23:11:16,752 Best WER:  0.8677
2026-07-05 23:11:16,752 _________________________________________
2026-07-05 23:38:56,596 Sample pred: along piacehad made the country ntierent to the welfar of the army and navy now 
2026-07-05 23:38:56,598 Sample true: a long peace had made the country indiferent to the welfare of the army and navy
2026-07-05 23:39:25,564 *****************************************
2026-07-05 23:39:25,564 Epoch:     8/300
2026-07-05 23:39:25,564 Loss:      0.4478
2026-07-05 23:39:25,564 WER:       0.4001
2026-07-05 23:39:25,564 CER:       0.1200
2026-07-05 23:39:25,564 Best WER:  0.8677
2026-07-05 23:39:25,564 _________________________________________
2026-07-06 00:06:51,674 Sample pred: and down the mos grown paths and teri no man treads where the olold old wedes ar
2026-07-06 00:06:51,675 Sample true: and down the mos grown paths and terace no man treads where the old old weds ris
2026-07-06 00:07:22,312 *****************************************
2026-07-06 00:07:22,312 Epoch:     9/300
2026-07-06 00:07:22,312 Loss:      0.4271
2026-07-06 00:07:22,312 WER:       0.3858
2026-07-06 00:07:22,312 CER:       0.1149
2026-07-06 00:07:22,312 Best WER:  0.8677
2026-07-06 00:07:22,312 _________________________________________
2026-07-06 00:34:57,402 Sample pred: i have litle confidence in his owers stil he cam run
2026-07-06 00:34:57,404 Sample true: i have litle confidence in his powers stil he can run
2026-07-06 01:09:37,337   Beam WER (val): 0.7986
2026-07-06 01:09:37,538   -> Model saved
2026-07-06 01:09:37,541 *****************************************
2026-07-06 01:09:37,541 Epoch:     10/300
2026-07-06 01:09:37,541 Loss:      0.4094
2026-07-06 01:09:37,541 WER:       0.3735
2026-07-06 01:09:37,541 CER:       0.1105
2026-07-06 01:09:37,542 Best WER:  0.7986
2026-07-06 01:09:37,542 _________________________________________
2026-07-06 01:37:00,662 Sample pred: i fi am not much misticken mister hopins has throwt up bom aran hevery woman wo 
2026-07-06 01:37:00,664 Sample true: if i'm not much mistaken mister hopkins has thrown a bomerang every woman who at
2026-07-06 01:37:30,390 *****************************************
2026-07-06 01:37:30,391 Epoch:     11/300
2026-07-06 01:37:30,391 Loss:      0.3945
2026-07-06 01:37:30,391 WER:       0.3626
2026-07-06 01:37:30,391 CER:       0.1067
2026-07-06 01:37:30,391 Best WER:  0.7986
2026-07-06 01:37:30,391 _________________________________________
2026-07-06 02:04:56,870 Sample pred: and fr fro beingi a position to inflict tarm upo us she could nt aving contol he
2026-07-06 02:04:56,871 Sample true: and far from being in a position to inflict harm upon us she could not even cont
2026-07-06 02:05:26,659 *****************************************
2026-07-06 02:05:26,659 Epoch:     12/300
2026-07-06 02:05:26,660 Loss:      0.3821
2026-07-06 02:05:26,660 WER:       0.3542
2026-07-06 02:05:26,660 CER:       0.1039
2026-07-06 02:05:26,660 Best WER:  0.7986
2026-07-06 02:05:26,660 _________________________________________
2026-07-06 02:32:53,075 Sample pred: did not alarck the ting love t wel did i not sing ut before him in the palace of
2026-07-06 02:32:53,076 Sample true: did not alaric the king love it wel did i not sing it before him in the palace o
2026-07-06 02:33:22,618 *****************************************
2026-07-06 02:33:22,618 Epoch:     13/300
2026-07-06 02:33:22,618 Loss:      0.3701
2026-07-06 02:33:22,618 WER:       0.3457
2026-07-06 02:33:22,618 CER:       0.1009
2026-07-06 02:33:22,618 Best WER:  0.7986
2026-07-06 02:33:22,618 _________________________________________
2026-07-06 03:00:46,626 Sample pred: then before the val ould afect his supreined deotciaon had come the hale of bule
2026-07-06 03:00:46,627 Sample true: then before the valet could efect his supreme devotion had come the hail of bule
2026-07-06 03:01:15,391 *****************************************
2026-07-06 03:01:15,391 Epoch:     14/300
2026-07-06 03:01:15,392 Loss:      0.3596
2026-07-06 03:01:15,392 WER:       0.3375
2026-07-06 03:01:15,392 CER:       0.0980
2026-07-06 03:01:15,392 Best WER:  0.7986
2026-07-06 03:01:15,392 _________________________________________
2026-07-06 03:28:37,417 Sample pred: his extradnatr popularity was due to the egilkextraodinry extrapigans wit which 
2026-07-06 03:28:37,418 Sample true: his extraordinary popularity was due to the equaly extraordinary extravagance wi
2026-07-06 04:03:38,679   Beam WER (val): 0.7631
2026-07-06 04:03:38,847   -> Model saved
2026-07-06 04:03:38,848 *****************************************
2026-07-06 04:03:38,848 Epoch:     15/300
2026-07-06 04:03:38,848 Loss:      0.3504
2026-07-06 04:03:38,848 WER:       0.3308
2026-07-06 04:03:38,848 CER:       0.0958
2026-07-06 04:03:38,848 Best WER:  0.7631
2026-07-06 04:03:38,848 _________________________________________
2026-07-06 04:31:03,866 Sample pred: but hother obscurec peches made me doubt this i have sometime aimagine that the 
2026-07-06 04:31:03,867 Sample true: but other obscure speches made me doubt this i have sometimes imagined that the 
2026-07-06 04:31:33,417 *****************************************
2026-07-06 04:31:33,417 Epoch:     16/300
2026-07-06 04:31:33,417 Loss:      0.3420
2026-07-06 04:31:33,417 WER:       0.3243
2026-07-06 04:31:33,417 CER:       0.0936
2026-07-06 04:31:33,417 Best WER:  0.7631
2026-07-06 04:31:33,417 _________________________________________
2026-07-06 04:59:00,430 Sample pred: and the gates were shutp instantly behind them walter in his comrade ad one star
2026-07-06 04:59:00,431 Sample true: and the gates were shut instantly behind them walter and his comrade at once sta
2026-07-06 04:59:26,214 *****************************************
2026-07-06 04:59:26,214 Epoch:     17/300
2026-07-06 04:59:26,214 Loss:      0.3346
2026-07-06 04:59:26,214 WER:       0.3187
2026-07-06 04:59:26,214 CER:       0.0916
2026-07-06 04:59:26,214 Best WER:  0.7631
2026-07-06 04:59:26,214 _________________________________________
2026-07-06 05:26:52,505 Sample pred: the prosecutor positiabely poused on this iece o evidence it sed to establish fo
2026-07-06 05:26:52,506 Sample true: the prosecutor positively pounced on this piece of evidence it semed to establis
2026-07-06 05:27:20,175 *****************************************
2026-07-06 05:27:20,175 Epoch:     18/300
2026-07-06 05:27:20,175 Loss:      0.3278
2026-07-06 05:27:20,175 WER:       0.3129
2026-07-06 05:27:20,175 CER:       0.0897
2026-07-06 05:27:20,175 Best WER:  0.7631
2026-07-06 05:27:20,175 _________________________________________
2026-07-06 05:54:46,422 Sample pred: wreasembling me fiting me even closer to th emental things changing me fuly into
2026-07-06 05:54:46,423 Sample true: reasembling me fiting me even closer to the elemental things changing me fuly in
2026-07-06 05:55:13,415 *****************************************
2026-07-06 05:55:13,416 Epoch:     19/300
2026-07-06 05:55:13,416 Loss:      0.3209
2026-07-06 05:55:13,416 WER:       0.3084
2026-07-06 05:55:13,416 CER:       0.0883
2026-07-06 05:55:13,416 Best WER:  0.7631
2026-07-06 05:55:13,416 _________________________________________
2026-07-06 06:22:39,214 Sample pred: thit is family aprehended something calamiates had befalen him tlal l
2026-07-06 06:22:39,215 Sample true: that his family aprehended something calamitous had befalen him
2026-07-06 06:57:05,458   Beam WER (val): 0.7324
2026-07-06 06:57:05,626   -> Model saved
2026-07-06 06:57:05,627 *****************************************
2026-07-06 06:57:05,627 Epoch:     20/300
2026-07-06 06:57:05,627 Loss:      0.3158
2026-07-06 06:57:05,627 WER:       0.3039
2026-07-06 06:57:05,627 CER:       0.0868
2026-07-06 06:57:05,627 Best WER:  0.7324
2026-07-06 06:57:05,627 _________________________________________
2026-07-06 07:24:28,794 Sample pred: i leave the gol and go for the swet fruits promised to me by the veracious leade
2026-07-06 07:24:28,796 Sample true: i leave the gal and go for the swet fruits promised to me by the veracious leade
2026-07-06 07:24:56,370 *****************************************
2026-07-06 07:24:56,370 Epoch:     21/300
2026-07-06 07:24:56,370 Loss:      0.3097
2026-07-06 07:24:56,370 WER:       0.3003
2026-07-06 07:24:56,370 CER:       0.0858
2026-07-06 07:24:56,370 Best WER:  0.7324
2026-07-06 07:24:56,370 _________________________________________
2026-07-06 07:52:22,898 Sample pred: which smarted for an our afterward but the nedle had no efect upo the scarecrow 
2026-07-06 07:52:22,899 Sample true: which smarted for an hour afterward but the nedles had no efect upon the scarecr
2026-07-06 07:52:49,095 *****************************************
2026-07-06 07:52:49,095 Epoch:     22/300
2026-07-06 07:52:49,095 Loss:      0.3049
2026-07-06 07:52:49,095 WER:       0.2958
2026-07-06 07:52:49,095 CER:       0.0841
2026-07-06 07:52:49,095 Best WER:  0.7324
2026-07-06 07:52:49,095 _________________________________________
2026-07-06 08:20:14,715 Sample pred: ah i had ety loiy before me put down the same some so that thy who have lost may
2026-07-06 08:20:14,716 Sample true: ah i had eighty louis before me put down the same sum so that they who have lost
2026-07-06 08:20:42,990 *****************************************
2026-07-06 08:20:42,990 Epoch:     23/300
2026-07-06 08:20:42,990 Loss:      0.2998
2026-07-06 08:20:42,990 WER:       0.2925
2026-07-06 08:20:42,990 CER:       0.0831
2026-07-06 08:20:42,990 Best WER:  0.7324
2026-07-06 08:20:42,990 _________________________________________
2026-07-06 08:48:11,130 Sample pred: he said to father de spet it's a bo mul regfie father de smat miled thy and very
2026-07-06 08:48:11,131 Sample true: he said to father de smet it's a balky mule replied father de smet mildly and ve
2026-07-06 08:48:37,716 *****************************************
2026-07-06 08:48:37,716 Epoch:     24/300
2026-07-06 08:48:37,716 Loss:      0.2953
2026-07-06 08:48:37,716 WER:       0.2889
2026-07-06 08:48:37,716 CER:       0.0820
2026-07-06 08:48:37,716 Best WER:  0.7324
2026-07-06 08:48:37,716 _________________________________________
2026-07-06 09:16:03,979 Sample pred: answer thus returned al things are best filfiled in their do time and time there
2026-07-06 09:16:03,980 Sample true: answer thus returned al things are best fulfiled in their due time and time ther
2026-07-06 09:50:58,633   Beam WER (val): 0.7087
2026-07-06 09:50:58,804   -> Model saved
2026-07-06 09:50:58,805 *****************************************
2026-07-06 09:50:58,805 Epoch:     25/300
2026-07-06 09:50:58,805 Loss:      0.2910
2026-07-06 09:50:58,805 WER:       0.2852
2026-07-06 09:50:58,805 CER:       0.0808
2026-07-06 09:50:58,805 Best WER:  0.7087
2026-07-06 09:50:58,805 _________________________________________
2026-07-06 10:18:22,516 Sample pred: in the memwires of the acandemy of sciences it is stated that a bitch which was 
2026-07-06 10:18:22,518 Sample true: in the memoirs of the academy of sciences it is stated that a bitch which was fo
2026-07-06 10:18:49,956 *****************************************
2026-07-06 10:18:49,956 Epoch:     26/300
2026-07-06 10:18:49,956 Loss:      0.2869
2026-07-06 10:18:49,956 WER:       0.2830
2026-07-06 10:18:49,956 CER:       0.0802
2026-07-06 10:18:49,956 Best WER:  0.7087
2026-07-06 10:18:49,956 _________________________________________
2026-07-06 10:46:15,224 Sample pred: i remember whling around a bend in the road beside a graceful bidt of forest and
2026-07-06 10:46:15,225 Sample true: i remember wheling around a bend in the road beside a graceful bit of forest and
2026-07-06 10:46:42,389 *****************************************
2026-07-06 10:46:42,389 Epoch:     27/300
2026-07-06 10:46:42,390 Loss:      0.2829
2026-07-06 10:46:42,390 WER:       0.2794
2026-07-06 10:46:42,390 CER:       0.0789
2026-07-06 10:46:42,390 Best WER:  0.7087
2026-07-06 10:46:42,390 _________________________________________
2026-07-06 11:14:05,342 Sample pred: desolved twenty weght of whithte patnash and thre palesful of water he twenty po
2026-07-06 11:14:05,343 Sample true: disolve twenty weight of white potash in thre pailsful of water heat twenty poun
2026-07-06 11:14:31,947 *****************************************
2026-07-06 11:14:31,947 Epoch:     28/300
2026-07-06 11:14:31,947 Loss:      0.2795
2026-07-06 11:14:31,947 WER:       0.2770
2026-07-06 11:14:31,947 CER:       0.0782
2026-07-06 11:14:31,948 Best WER:  0.7087
2026-07-06 11:14:31,948 _________________________________________
2026-07-06 11:41:56,025 Sample pred: when a newly maried coupl go to housekeping she slyhly takes her other's dishclo
2026-07-06 11:41:56,026 Sample true: when a newly maried couple go to housekeping she slyly takes her mother's dish c
2026-07-06 11:42:22,322 *****************************************
2026-07-06 11:42:22,322 Epoch:     29/300
2026-07-06 11:42:22,322 Loss:      0.2754
2026-07-06 11:42:22,322 WER:       0.2744
2026-07-06 11:42:22,322 CER:       0.0774
2026-07-06 11:42:22,322 Best WER:  0.7087
2026-07-06 11:42:22,322 _________________________________________
2026-07-06 12:09:47,193 Sample pred: there wis no carpenter to be found there he must be at his house eating his dine
2026-07-06 12:09:47,194 Sample true: there was no carpenter to be found there he must be at his house eating his dine
2026-07-06 12:44:45,897   Beam WER (val): 0.7011
2026-07-06 12:44:46,083   -> Model saved
2026-07-06 12:44:46,084 *****************************************
2026-07-06 12:44:46,084 Epoch:     30/300
2026-07-06 12:44:46,084 Loss:      0.2724
2026-07-06 12:44:46,084 WER:       0.2721
2026-07-06 12:44:46,084 CER:       0.0767
2026-07-06 12:44:46,084 Best WER:  0.7011
2026-07-06 12:44:46,084 _________________________________________
2026-07-06 13:12:14,353 Sample pred: but it was only big enough to hld the thre girls so paul sent them up and told t
2026-07-06 13:12:14,354 Sample true: but it was only big enough to hold the thre girls so paul sent them up and told 
2026-07-06 13:12:41,131 *****************************************
2026-07-06 13:12:41,131 Epoch:     31/300
2026-07-06 13:12:41,131 Loss:      0.2689
2026-07-06 13:12:41,131 WER:       0.2691
2026-07-06 13:12:41,131 CER:       0.0756
2026-07-06 13:12:41,131 Best WER:  0.7011
2026-07-06 13:12:41,131 _________________________________________
2026-07-06 13:40:11,561 Sample pred: i did l loked at he fod n motind in away i ma me sick i was released on the sixh
2026-07-06 13:40:11,562 Sample true: i just loked at the fod and motioned it away it made me sick i was released on t
2026-07-06 13:40:39,415 *****************************************
2026-07-06 13:40:39,415 Epoch:     32/300
2026-07-06 13:40:39,415 Loss:      0.2665
2026-07-06 13:40:39,415 WER:       0.2673
2026-07-06 13:40:39,415 CER:       0.0752
2026-07-06 13:40:39,415 Best WER:  0.7011
2026-07-06 13:40:39,415 _________________________________________
2026-07-06 14:08:07,805 Sample pred: these beast can be quite unprodictible but were go in just the same we hve a can
2026-07-06 14:08:07,806 Sample true: these beasts can be quite unpredictable but we're going just the same we have a 
2026-07-06 14:08:33,304 *****************************************
2026-07-06 14:08:33,304 Epoch:     33/300
2026-07-06 14:08:33,304 Loss:      0.2633
2026-07-06 14:08:33,304 WER:       0.2648
2026-07-06 14:08:33,304 CER:       0.0743
2026-07-06 14:08:33,304 Best WER:  0.7011
2026-07-06 14:08:33,304 _________________________________________
2026-07-06 14:36:04,403 Sample pred: end ed afair way to be the universa language f mandkind but such enterprised de 
2026-07-06 14:36:04,404 Sample true: and in a fair way to be the universal language of mankind but such an enterprise
2026-07-06 14:36:29,477 *****************************************
2026-07-06 14:36:29,477 Epoch:     34/300
2026-07-06 14:36:29,478 Loss:      0.2604
2026-07-06 14:36:29,478 WER:       0.2638
2026-07-06 14:36:29,478 CER:       0.0741
2026-07-06 14:36:29,478 Best WER:  0.7011
2026-07-06 14:36:29,478 _________________________________________
2026-07-06 15:04:02,850 Sample pred: and perceiving how intense was the power and fascination on delineg his quiete e
2026-07-06 15:04:02,850 Sample true: and perceiving how intense was the power and fascination underlying his quiet ex
2026-07-06 15:39:04,415   Beam WER (val): 0.6822
2026-07-06 15:39:04,583   -> Model saved
2026-07-06 15:39:04,585 *****************************************
2026-07-06 15:39:04,585 Epoch:     35/300
2026-07-06 15:39:04,585 Loss:      0.2574
2026-07-06 15:39:04,585 WER:       0.2628
2026-07-06 15:39:04,585 CER:       0.0739
2026-07-06 15:39:04,585 Best WER:  0.6822
2026-07-06 15:39:04,585 _________________________________________
2026-07-06 16:06:38,642 Sample pred: that hung from the centrebeame in the intervals of kisingthey told one another n
2026-07-06 16:06:38,643 Sample true: that hung from the centre beam in the intervals of kising they told one another 
2026-07-06 16:07:05,025 *****************************************
2026-07-06 16:07:05,025 Epoch:     36/300
2026-07-06 16:07:05,025 Loss:      0.2552
2026-07-06 16:07:05,025 WER:       0.2619
2026-07-06 16:07:05,025 CER:       0.0737
2026-07-06 16:07:05,025 Best WER:  0.6822
2026-07-06 16:07:05,025 _________________________________________
2026-07-06 16:34:44,411 Sample pred: i did when i had a home i canot say that i live anyhere now old mat leaned forwa
2026-07-06 16:34:44,412 Sample true: i did when i had a home i canot say that i live anywhere now old mat leaned forw
2026-07-06 16:35:09,521 *****************************************
2026-07-06 16:35:09,521 Epoch:     37/300
2026-07-06 16:35:09,521 Loss:      0.2524
2026-07-06 16:35:09,521 WER:       0.2593
2026-07-06 16:35:09,521 CER:       0.0729
2026-07-06 16:35:09,521 Best WER:  0.6822
2026-07-06 16:35:09,521 _________________________________________
2026-07-06 17:02:50,216 Sample pred: a how so rebelius and so out of al season that her mothers started in her direct
2026-07-06 17:02:50,218 Sample true: a howl so rebelious and so out of al season that her mother started in her direc
2026-07-06 17:03:16,988 *****************************************
2026-07-06 17:03:16,989 Epoch:     38/300
2026-07-06 17:03:16,989 Loss:      0.2502
2026-07-06 17:03:16,989 WER:       0.2550
2026-07-06 17:03:16,989 CER:       0.0712
2026-07-06 17:03:16,989 Best WER:  0.6822
2026-07-06 17:03:16,989 _________________________________________
2026-07-06 17:30:58,439 Sample pred: a great surprise and pleasure sir thomas i 'm engaged the slast was directed at 
2026-07-06 17:30:58,440 Sample true: a great surprise and pleasure sir thomas i'm engaged this last was directed at t
2026-07-06 17:31:25,681 *****************************************
2026-07-06 17:31:25,681 Epoch:     39/300
2026-07-06 17:31:25,681 Loss:      0.2487
2026-07-06 17:31:25,681 WER:       0.2537
2026-07-06 17:31:25,681 CER:       0.0709
2026-07-06 17:31:25,681 Best WER:  0.6822
2026-07-06 17:31:25,681 _________________________________________
2026-07-06 17:59:07,417 Sample pred: af few loked arehensively at the ceiling as though expecting the help burners an
2026-07-06 17:59:07,418 Sample true: a few loked aprehensively at the ceiling as though expecting the helburners and 
2026-07-06 18:34:54,575   Beam WER (val): 0.6723
2026-07-06 18:34:54,828   -> Model saved
2026-07-06 18:34:54,831 *****************************************
2026-07-06 18:34:54,831 Epoch:     40/300
2026-07-06 18:34:54,831 Loss:      0.2457
2026-07-06 18:34:54,831 WER:       0.2534
2026-07-06 18:34:54,831 CER:       0.0709
2026-07-06 18:34:54,831 Best WER:  0.6723
2026-07-06 18:34:54,831 _________________________________________
2026-07-06 19:02:34,561 Sample pred: as oa a we could make out he semed to consider the elements themselves as the av
2026-07-06 19:02:34,562 Sample true: as far as we could make out he semed to consider the elements themselves as the 
2026-07-06 19:03:00,926 *****************************************
2026-07-06 19:03:00,927 Epoch:     41/300
2026-07-06 19:03:00,927 Loss:      0.2440
2026-07-06 19:03:00,927 WER:       0.2520
2026-07-06 19:03:00,927 CER:       0.0706
2026-07-06 19:03:00,927 Best WER:  0.6723
2026-07-06 19:03:00,927 _________________________________________
2026-07-06 19:30:40,852 Sample pred: he did in fact emphasizes words to the terof mister milbrg with te point of his 
2026-07-06 19:30:40,853 Sample true: he did in fact emphasise his words to the teror of mister milburgh with the poin
2026-07-06 19:31:06,756 *****************************************
2026-07-06 19:31:06,756 Epoch:     42/300
2026-07-06 19:31:06,756 Loss:      0.2419
2026-07-06 19:31:06,757 WER:       0.2517
2026-07-06 19:31:06,757 CER:       0.0708
2026-07-06 19:31:06,757 Best WER:  0.6723
2026-07-06 19:31:06,757 _________________________________________
2026-07-06 19:58:38,838 Sample pred: to o mae the best omens hie may so have we lingered now westaught of fresh with 
2026-07-06 19:58:38,840 Sample true: to make the best amends he may so have we lingered now we start afresh with cour
2026-07-06 19:59:04,446 *****************************************
2026-07-06 19:59:04,446 Epoch:     43/300
2026-07-06 19:59:04,446 Loss:      0.2395
2026-07-06 19:59:04,446 WER:       0.2488
2026-07-06 19:59:04,446 CER:       0.0697
2026-07-06 19:59:04,446 Best WER:  0.6723
2026-07-06 19:59:04,446 _________________________________________
2026-07-06 20:26:40,136 Sample pred: the big stores and the strints he had met her for the first time a few hours bef
2026-07-06 20:26:40,138 Sample true: the big stores and the strets he had met her for the first time a few hours befo
2026-07-06 20:27:05,394 *****************************************
2026-07-06 20:27:05,394 Epoch:     44/300
2026-07-06 20:27:05,394 Loss:      0.2380
2026-07-06 20:27:05,394 WER:       0.2488
2026-07-06 20:27:05,394 CER:       0.0698
2026-07-06 20:27:05,394 Best WER:  0.6723
2026-07-06 20:27:05,394 _________________________________________
2026-07-06 20:54:39,564 Sample pred: to monarchil and dipomatic europe a sort of prostitute the nlish people had alwa
2026-07-06 20:54:39,565 Sample true: to monarchical and diplomatic europe a sort of prostitute the english people has
2026-07-06 21:30:31,002   Beam WER (val): 0.6870
2026-07-06 21:30:31,005 *****************************************
2026-07-06 21:30:31,005 Epoch:     45/300
2026-07-06 21:30:31,005 Loss:      0.2359
2026-07-06 21:30:31,005 WER:       0.2457
2026-07-06 21:30:31,005 CER:       0.0687
2026-07-06 21:30:31,005 Best WER:  0.6723
2026-07-06 21:30:31,005 _________________________________________
2026-07-06 21:57:58,471 Sample pred: i but when our trust toters and faith is shatere to the base grand words wil not
2026-07-06 21:57:58,472 Sample true: ay but when our trust toters and faith is shatered to the base grand words wil n
2026-07-06 21:58:24,966 *****************************************
2026-07-06 21:58:24,967 Epoch:     46/300
2026-07-06 21:58:24,967 Loss:      0.2342
2026-07-06 21:58:24,967 WER:       0.2476
2026-07-06 21:58:24,967 CER:       0.0696
2026-07-06 21:58:24,967 Best WER:  0.6723
2026-07-06 21:58:24,967 _________________________________________
2026-07-06 22:25:54,835 Sample pred: and ile crucify you chris aded her own threats she'd pent years making him the o
2026-07-06 22:25:54,836 Sample true: and i'l crucify you chris aded her own threats she'd spent years making him the 
2026-07-06 22:26:20,307 *****************************************
2026-07-06 22:26:20,308 Epoch:     47/300
2026-07-06 22:26:20,308 Loss:      0.2324
2026-07-06 22:26:20,308 WER:       0.2452
2026-07-06 22:26:20,308 CER:       0.0689
2026-07-06 22:26:20,308 Best WER:  0.6723
2026-07-06 22:26:20,308 _________________________________________
2026-07-06 22:53:51,056 Sample pred: i don't supose there wil be real water said jane and theatres are very warm and 
2026-07-06 22:53:51,057 Sample true: i don't supose there wil be real water said jane and theatres are very warm and 
2026-07-06 22:54:16,597 *****************************************
2026-07-06 22:54:16,597 Epoch:     48/300
2026-07-06 22:54:16,597 Loss:      0.2307
2026-07-06 22:54:16,597 WER:       0.2460
2026-07-06 22:54:16,597 CER:       0.0697
2026-07-06 22:54:16,597 Best WER:  0.6723
2026-07-06 22:54:16,597 _________________________________________
2026-07-06 23:21:52,223 Sample pred: and the doing or not doing something efects everybody the majority must have the
2026-07-06 23:21:52,224 Sample true: and the doing or not doing something afects everybody the majority must have the
2026-07-06 23:22:17,761 *****************************************
2026-07-06 23:22:17,761 Epoch:     49/300
2026-07-06 23:22:17,761 Loss:      0.2296
2026-07-06 23:22:17,761 WER:       0.2457
2026-07-06 23:22:17,761 CER:       0.0695
2026-07-06 23:22:17,761 Best WER:  0.6723
2026-07-06 23:22:17,761 _________________________________________
2026-07-06 23:49:53,936 Sample pred: and now they first of al seized upon what hit was about the temple and erupon th
2026-07-06 23:49:53,937 Sample true: and now they first of al seized upon what was about the temple and upon the pour
2026-07-07 00:25:39,042   Beam WER (val): 0.6561
2026-07-07 00:25:39,256   -> Model saved
2026-07-07 00:25:39,257 *****************************************
2026-07-07 00:25:39,257 Epoch:     50/300
2026-07-07 00:25:39,257 Loss:      0.2270
2026-07-07 00:25:39,257 WER:       0.2441
2026-07-07 00:25:39,257 CER:       0.0694
2026-07-07 00:25:39,257 Best WER:  0.6561
2026-07-07 00:25:39,257 _________________________________________
